==6671== Memcheck, a memory error detector
==6671== Copyright (C) 2002-2013, and GNU GPL'd, by Julian Seward et al.
==6671== Using Valgrind-3.10.0.SVN and LibVEX; rerun with -h for copyright info
==6671== Command: ./pa01
==6671== Parent PID: 2343
==6671== 
--6671-- 
--6671-- Valgrind options:
--6671--    --tool=memcheck
--6671--    --leak-check=full
--6671--    --verbose
--6671--    --log-file=memcheck.log
--6671-- Contents of /proc/version:
--6671--   Linux version 3.13.0-34-generic (buildd@allspice) (gcc version 4.8.2 (Ubuntu 4.8.2-19ubuntu1) ) #60-Ubuntu SMP Wed Aug 13 15:45:27 UTC 2014
--6671-- Arch and hwcaps: AMD64, amd64-cx16-rdtscp-sse3-avx
--6671-- Page sizes: currently 4096, max supported 4096
--6671-- Valgrind library directory: /usr/lib/valgrind
--6671-- Reading syms from /home/kyle/Documents/ECE264/solutions/ECE264/PA01/pa01
--6671-- Reading syms from /lib/x86_64-linux-gnu/ld-2.19.so
--6671--   Considering /lib/x86_64-linux-gnu/ld-2.19.so ..
--6671--   .. CRC mismatch (computed 4cbae35e wanted 8d683c31)
--6671--   Considering /usr/lib/debug/lib/x86_64-linux-gnu/ld-2.19.so ..
--6671--   .. CRC is valid
--6671-- Reading syms from /usr/lib/valgrind/memcheck-amd64-linux
--6671--   Considering /usr/lib/valgrind/memcheck-amd64-linux ..
--6671--   .. CRC mismatch (computed 37cdde19 wanted adc367dd)
--6671--    object doesn't have a symbol table
--6671--    object doesn't have a dynamic symbol table
--6671-- Scheduler: using generic scheduler lock implementation.
--6671-- Reading suppressions file: /usr/lib/valgrind/default.supp
==6671== embedded gdbserver: reading from /tmp/vgdb-pipe-from-vgdb-to-6671-by-kyle-on-???
==6671== embedded gdbserver: writing to   /tmp/vgdb-pipe-to-vgdb-from-6671-by-kyle-on-???
==6671== embedded gdbserver: shared mem   /tmp/vgdb-pipe-shared-mem-vgdb-6671-by-kyle-on-???
==6671== 
==6671== TO CONTROL THIS PROCESS USING vgdb (which you probably
==6671== don't want to do, unless you know exactly what you're doing,
==6671== or are doing some strange experiment):
==6671==   /usr/lib/valgrind/../../bin/vgdb --pid=6671 ...command...
==6671== 
==6671== TO DEBUG THIS PROCESS USING GDB: start GDB like this
==6671==   /path/to/gdb ./pa01
==6671== and then give GDB the following command
==6671==   target remote | /usr/lib/valgrind/../../bin/vgdb --pid=6671
==6671== --pid is optional if only one valgrind process is running
==6671== 
--6671-- REDIR: 0x4019ca0 (strlen) redirected to 0x38068331 (???)
--6671-- Reading syms from /usr/lib/valgrind/vgpreload_core-amd64-linux.so
--6671--   Considering /usr/lib/valgrind/vgpreload_core-amd64-linux.so ..
--6671--   .. CRC mismatch (computed 329d6860 wanted c0186920)
--6671--    object doesn't have a symbol table
--6671-- Reading syms from /usr/lib/valgrind/vgpreload_memcheck-amd64-linux.so
--6671--   Considering /usr/lib/valgrind/vgpreload_memcheck-amd64-linux.so ..
--6671--   .. CRC mismatch (computed 1fb85af8 wanted 2e9e3c16)
--6671--    object doesn't have a symbol table
==6671== WARNING: new redirection conflicts with existing -- ignoring it
--6671--     old: 0x04019ca0 (strlen              ) R-> (0000.0) 0x38068331 ???
--6671--     new: 0x04019ca0 (strlen              ) R-> (2007.0) 0x04c2e1a0 strlen
--6671-- REDIR: 0x4019a50 (index) redirected to 0x4c2dd50 (index)
--6671-- REDIR: 0x4019c70 (strcmp) redirected to 0x4c2f2f0 (strcmp)
--6671-- REDIR: 0x401a9c0 (mempcpy) redirected to 0x4c31da0 (mempcpy)
--6671-- Reading syms from /lib/x86_64-linux-gnu/libc-2.19.so
--6671--   Considering /lib/x86_64-linux-gnu/libc-2.19.so ..
--6671--   .. CRC mismatch (computed bbba420d wanted a133d70e)
--6671--   Considering /usr/lib/debug/lib/x86_64-linux-gnu/libc-2.19.so ..
--6671--   .. CRC is valid
--6671-- REDIR: 0x4ec4bb0 (strcasecmp) redirected to 0x4a25720 (_vgnU_ifunc_wrapper)
--6671-- REDIR: 0x4ec6ea0 (strncasecmp) redirected to 0x4a25720 (_vgnU_ifunc_wrapper)
--6671-- REDIR: 0x4ec4380 (memcpy@GLIBC_2.2.5) redirected to 0x4a25720 (_vgnU_ifunc_wrapper)
--6671-- REDIR: 0x4ec2610 (rindex) redirected to 0x4c2da30 (rindex)
--6671-- REDIR: 0x4ec0910 (strlen) redirected to 0x4c2e0e0 (strlen)
--6671-- REDIR: 0x4ecb910 (strchrnul) redirected to 0x4c319b0 (strchrnul)
--6671-- REDIR: 0x4ebac40 (free) redirected to 0x4c2bd80 (free)
==6671== 
==6671== HEAP SUMMARY:
==6671==     in use at exit: 0 bytes in 0 blocks
==6671==   total heap usage: 0 allocs, 0 frees, 0 bytes allocated
==6671== 
==6671== All heap blocks were freed -- no leaks are possible
==6671== 
==6671== ERROR SUMMARY: 0 errors from 0 contexts (suppressed: 0 from 0)
==6671== ERROR SUMMARY: 0 errors from 0 contexts (suppressed: 0 from 0)
